# JRE version: OpenJDK Runtime Environment (11.0.13) (build 11.0.13+0-b1751.21-8125866)
# Java VM: OpenJDK 64-Bit Server VM (11.0.13+0-b1751.21-8125866, mixed mode, tiered, compressed oops, g1 gc, windows-amd64)
Heap:
 garbage-first heap   total 328704K, used 188059K [0x0000000080000000, 0x0000000100000000)
  region size 1024K, 22 young (22528K), 6 survivors (6144K)
 Metaspace       used 104559K, capacity 107544K, committed 107632K, reserved 1142784K
  class space    used 13468K, capacity 14566K, committed 14616K, reserved 1048576K
GC Heap History (20 events):
Event: 21.812 GC heap before
{Heap before GC invocations=38 (full 0):
 garbage-first heap   total 227328K, used 184637K [0x0000000080000000, 0x0000000100000000)
  region size 1024K, 55 young (56320K), 7 survivors (7168K)
 Metaspace       used 93994K, capacity 96614K, committed 96880K, reserved 1132544K
  class space    used 12218K, capacity 13230K, committed 13336K, reserved 1048576K
}
Event: 21.824 GC heap after
{Heap after GC invocations=39 (full 0):
 garbage-first heap   total 227328K, used 138616K [0x0000000080000000, 0x0000000100000000)
  region size 1024K, 7 young (7168K), 7 survivors (7168K)
 Metaspace       used 93994K, capacity 96614K, committed 96880K, reserved 1132544K
  class space    used 12218K, capacity 13230K, committed 13336K, reserved 1048576K
}
Event: 22.120 GC heap before
{Heap before GC invocations=40 (full 0):
 garbage-first heap   total 227328K, used 184696K [0x0000000080000000, 0x0000000100000000)
  region size 1024K, 52 young (53248K), 7 survivors (7168K)
 Metaspace       used 94056K, capacity 96626K, committed 96880K, reserved 1132544K
  class space    used 12224K, capacity 13232K, committed 13336K, reserved 1048576K
}
Event: 22.133 GC heap after
{Heap after GC invocations=41 (full 0):
 garbage-first heap   total 273408K, used 141048K [0x0000000080000000, 0x0000000100000000)
  region size 1024K, 6 young (6144K), 6 survivors (6144K)
 Metaspace       used 94056K, capacity 96626K, committed 96880K, reserved 1132544K
  class space    used 12224K, capacity 13232K, committed 13336K, reserved 1048576K
}
Event: 22.268 GC heap before
{Heap before GC invocations=41 (full 0):
 garbage-first heap   total 273408K, used 147192K [0x0000000080000000, 0x0000000100000000)
  region size 1024K, 13 young (13312K), 6 survivors (6144K)
 Metaspace       used 94157K, capacity 96714K, committed 96880K, reserved 1132544K
  class space    used 12235K, capacity 13237K, committed 13336K, reserved 1048576K
}
Event: 22.278 GC heap after
{Heap after GC invocations=42 (full 0):
 garbage-first heap   total 273408K, used 138363K [0x0000000080000000, 0x0000000100000000)
  region size 1024K, 2 young (2048K), 2 survivors (2048K)
 Metaspace       used 94157K, capacity 96714K, committed 96880K, reserved 1132544K
  class space    used 12235K, capacity 13237K, committed 13336K, reserved 1048576K
}
Event: 23.478 GC heap before
{Heap before GC invocations=42 (full 0):
 garbage-first heap   total 273408K, used 209019K [0x0000000080000000, 0x0000000100000000)
  region size 1024K, 72 young (73728K), 2 survivors (2048K)
 Metaspace       used 95771K, capacity 98404K, committed 98672K, reserved 1134592K
  class space    used 12462K, capacity 13456K, committed 13592K, reserved 1048576K
}
Event: 23.490 GC heap after
{Heap after GC invocations=43 (full 0):
 garbage-first heap   total 273408K, used 143606K [0x0000000080000000, 0x0000000100000000)
  region size 1024K, 7 young (7168K), 7 survivors (7168K)
 Metaspace       used 95771K, capacity 98404K, committed 98672K, reserved 1134592K
  class space    used 12462K, capacity 13456K, committed 13592K, reserved 1048576K
}
Event: 24.372 GC heap before
{Heap before GC invocations=44 (full 0):
 garbage-first heap   total 273408K, used 214262K [0x0000000080000000, 0x0000000100000000)
  region size 1024K, 76 young (77824K), 7 survivors (7168K)
 Metaspace       used 100632K, capacity 103330K, committed 103664K, reserved 1138688K
  class space    used 13040K, capacity 14072K, committed 14232K, reserved 1048576K
}
Event: 24.383 GC heap after
{Heap after GC invocations=45 (full 0):
 garbage-first heap   total 273408K, used 147603K [0x0000000080000000, 0x0000000100000000)
  region size 1024K, 4 young (4096K), 4 survivors (4096K)
 Metaspace       used 100632K, capacity 103330K, committed 103664K, reserved 1138688K
  class space    used 13040K, capacity 14072K, committed 14232K, reserved 1048576K
}
Event: 24.509 GC heap before
{Heap before GC invocations=45 (full 0):
 garbage-first heap   total 273408K, used 156819K [0x0000000080000000, 0x0000000100000000)
  region size 1024K, 13 young (13312K), 4 survivors (4096K)
 Metaspace       used 101149K, capacity 103852K, committed 104176K, reserved 1138688K
  class space    used 13108K, capacity 14097K, committed 14232K, reserved 1048576K
}
Event: 24.519 GC heap after
{Heap after GC invocations=46 (full 0):
 garbage-first heap   total 328704K, used 143913K [0x0000000080000000, 0x0000000100000000)
  region size 1024K, 1 young (1024K), 1 survivors (1024K)
 Metaspace       used 101149K, capacity 103852K, committed 104176K, reserved 1138688K
  class space    used 13108K, capacity 14097K, committed 14232K, reserved 1048576K
}
Event: 25.088 GC heap before
{Heap before GC invocations=46 (full 0):
 garbage-first heap   total 328704K, used 246313K [0x0000000080000000, 0x0000000100000000)
  region size 1024K, 102 young (104448K), 1 survivors (1024K)
 Metaspace       used 101913K, capacity 104648K, committed 104688K, reserved 1140736K
  class space    used 13197K, capacity 14211K, committed 14232K, reserved 1048576K
}
Event: 25.104 GC heap after
{Heap after GC invocations=47 (full 0):
 garbage-first heap   total 328704K, used 152283K [0x0000000080000000, 0x0000000100000000)
  region size 1024K, 9 young (9216K), 9 survivors (9216K)
 Metaspace       used 101913K, capacity 104648K, committed 104688K, reserved 1140736K
  class space    used 13197K, capacity 14211K, committed 14232K, reserved 1048576K
}
Event: 31.389 GC heap before
{Heap before GC invocations=47 (full 0):
 garbage-first heap   total 328704K, used 255707K [0x0000000080000000, 0x0000000100000000)
  region size 1024K, 111 young (113664K), 9 survivors (9216K)
 Metaspace       used 102623K, capacity 105347K, committed 105712K, reserved 1140736K
  class space    used 13309K, capacity 14360K, committed 14488K, reserved 1048576K
}
Event: 31.402 GC heap after
{Heap after GC invocations=48 (full 0):
 garbage-first heap   total 328704K, used 156695K [0x0000000080000000, 0x0000000100000000)
  region size 1024K, 9 young (9216K), 9 survivors (9216K)
 Metaspace       used 102623K, capacity 105347K, committed 105712K, reserved 1140736K
  class space    used 13309K, capacity 14360K, committed 14488K, reserved 1048576K
}
Event: 40.678 GC heap before
{Heap before GC invocations=48 (full 0):
 garbage-first heap   total 328704K, used 261143K [0x0000000080000000, 0x0000000100000000)
  region size 1024K, 112 young (114688K), 9 survivors (9216K)
 Metaspace       used 104295K, capacity 107293K, committed 107376K, reserved 1142784K
  class space    used 13462K, capacity 14556K, committed 14616K, reserved 1048576K
}
Event: 40.712 GC heap after
{Heap after GC invocations=49 (full 0):
 garbage-first heap   total 328704K, used 169260K [0x0000000080000000, 0x0000000100000000)
  region size 1024K, 13 young (13312K), 13 survivors (13312K)
 Metaspace       used 104295K, capacity 107293K, committed 107376K, reserved 1142784K
  class space    used 13462K, capacity 14556K, committed 14616K, reserved 1048576K
}
Event: 42.513 GC heap before
{Heap before GC invocations=49 (full 0):
 garbage-first heap   total 328704K, used 263468K [0x0000000080000000, 0x0000000100000000)
  region size 1024K, 106 young (108544K), 13 survivors (13312K)
 Metaspace       used 104524K, capacity 107536K, committed 107632K, reserved 1142784K
  class space    used 13467K, capacity 14564K, committed 14616K, reserved 1048576K
}
Event: 42.536 GC heap after
{Heap after GC invocations=50 (full 0):
 garbage-first heap   total 328704K, used 173723K [0x0000000080000000, 0x0000000100000000)
  region size 1024K, 6 young (6144K), 6 survivors (6144K)
 Metaspace       used 104524K, capacity 107536K, committed 107632K, reserved 1142784K
  class space    used 13467K, capacity 14564K, committed 14616K, reserved 1048576K
}

